{"/home/anton/WebstormProjects/predicts/config/jest/jestEmptyComponent.tsx": {"path":"/home/anton/WebstormProjects/predicts/config/jest/jestEmptyComponent.tsx","statementMap":{"0":{"start":{"line":1,"column":27},"end":{"line":3,"column":1}},"1":{"start":{"line":2,"column":2},"end":{"line":2,"column":17}}},"fnMap":{"0":{"name":"(anonymous_0)","decl":{"start":{"line":1,"column":27},"end":{"line":1,"column":28}},"loc":{"start":{"line":1,"column":39},"end":{"line":3,"column":1}},"line":1}},"branchMap":{},"s":{"0":1,"1":3},"f":{"0":3},"b":{},"_coverageSchema":"1a1c01bbd47fc00a2c39e90264f33305004495a9","hash":"945364dcd6f0fd6d9fb316b22dfbc524212a12ee"}
,"/home/anton/WebstormProjects/predicts/src/app/providers/StoreProvider/index.ts": {"path":"/home/anton/WebstormProjects/predicts/src/app/providers/StoreProvider/index.ts","statementMap":{},"fnMap":{},"branchMap":{},"s":{},"f":{},"b":{},"_coverageSchema":"1a1c01bbd47fc00a2c39e90264f33305004495a9","hash":"8f345646b957fbd9626bf4d13f34984f5547c0fa"}
,"/home/anton/WebstormProjects/predicts/src/app/providers/StoreProvider/config/store.ts": {"path":"/home/anton/WebstormProjects/predicts/src/app/providers/StoreProvider/config/store.ts","statementMap":{"0":{"start":{"line":6,"column":2},"end":{"line":12,"column":5}}},"fnMap":{"0":{"name":"createReduxStore","decl":{"start":{"line":5,"column":16},"end":{"line":5,"column":32}},"loc":{"start":{"line":5,"column":62},"end":{"line":13,"column":1}},"line":5}},"branchMap":{},"s":{"0":5},"f":{"0":5},"b":{},"_coverageSchema":"1a1c01bbd47fc00a2c39e90264f33305004495a9","hash":"ea5d729bbdb3dd9e4f0663e3e2cd332b8e095de6"}
,"/home/anton/WebstormProjects/predicts/src/app/providers/StoreProvider/ui/StoreProvider.tsx": {"path":"/home/anton/WebstormProjects/predicts/src/app/providers/StoreProvider/ui/StoreProvider.tsx","statementMap":{"0":{"start":{"line":10,"column":29},"end":{"line":19,"column":1}},"1":{"start":{"line":11,"column":35},"end":{"line":11,"column":40}},"2":{"start":{"line":12,"column":16},"end":{"line":12,"column":61}},"3":{"start":{"line":14,"column":2},"end":{"line":18,"column":4}}},"fnMap":{"0":{"name":"(anonymous_0)","decl":{"start":{"line":10,"column":29},"end":{"line":10,"column":30}},"loc":{"start":{"line":10,"column":62},"end":{"line":19,"column":1}},"line":10}},"branchMap":{},"s":{"0":2,"1":5,"2":5,"3":5},"f":{"0":5},"b":{},"_coverageSchema":"1a1c01bbd47fc00a2c39e90264f33305004495a9","hash":"f4f76339bc7f3bf7b2f2d65029e7fd6e0ef718fd"}
,"/home/anton/WebstormProjects/predicts/src/app/providers/ThemeProvider/index.ts": {"path":"/home/anton/WebstormProjects/predicts/src/app/providers/ThemeProvider/index.ts","statementMap":{},"fnMap":{},"branchMap":{},"s":{},"f":{},"b":{},"_coverageSchema":"1a1c01bbd47fc00a2c39e90264f33305004495a9","hash":"ea5c1507e9aa31d76933992cd77dc1e4b551aae7"}
,"/home/anton/WebstormProjects/predicts/src/app/providers/ThemeProvider/lib/ThemeContext.ts": {"path":"/home/anton/WebstormProjects/predicts/src/app/providers/ThemeProvider/lib/ThemeContext.ts","statementMap":{"0":{"start":{"line":13,"column":28},"end":{"line":13,"column":64}},"1":{"start":{"line":15,"column":39},"end":{"line":15,"column":46}}},"fnMap":{},"branchMap":{},"s":{"0":1,"1":1},"f":{},"b":{},"_coverageSchema":"1a1c01bbd47fc00a2c39e90264f33305004495a9","hash":"60d1edacc599a66cad25a46f6deec77219162194"}
,"/home/anton/WebstormProjects/predicts/src/app/providers/ThemeProvider/lib/useTheme.ts": {"path":"/home/anton/WebstormProjects/predicts/src/app/providers/ThemeProvider/lib/useTheme.ts","statementMap":{"0":{"start":{"line":9,"column":24},"end":{"line":17,"column":1}},"1":{"start":{"line":10,"column":28},"end":{"line":10,"column":52}},"2":{"start":{"line":11,"column":22},"end":{"line":15,"column":3}},"3":{"start":{"line":12,"column":21},"end":{"line":12,"column":69}},"4":{"start":{"line":13,"column":4},"end":{"line":13,"column":60}},"5":{"start":{"line":14,"column":4},"end":{"line":14,"column":23}},"6":{"start":{"line":16,"column":2},"end":{"line":16,"column":30}}},"fnMap":{"0":{"name":"(anonymous_0)","decl":{"start":{"line":9,"column":24},"end":{"line":9,"column":25}},"loc":{"start":{"line":9,"column":45},"end":{"line":17,"column":1}},"line":9},"1":{"name":"(anonymous_1)","decl":{"start":{"line":11,"column":22},"end":{"line":11,"column":23}},"loc":{"start":{"line":11,"column":28},"end":{"line":15,"column":3}},"line":11}},"branchMap":{"0":{"loc":{"start":{"line":12,"column":21},"end":{"line":12,"column":69}},"type":"cond-expr","locations":[{"start":{"line":12,"column":45},"end":{"line":12,"column":55}},{"start":{"line":12,"column":58},"end":{"line":12,"column":69}}],"line":12}},"s":{"0":1,"1":3,"2":3,"3":0,"4":0,"5":0,"6":3},"f":{"0":3,"1":0},"b":{"0":[0,0]},"_coverageSchema":"1a1c01bbd47fc00a2c39e90264f33305004495a9","hash":"e4d8b20412e92503592517132ff07ebb955d09d1"}
,"/home/anton/WebstormProjects/predicts/src/app/providers/ThemeProvider/ui/ThemeProvider.tsx": {"path":"/home/anton/WebstormProjects/predicts/src/app/providers/ThemeProvider/ui/ThemeProvider.tsx","statementMap":{"0":{"start":{"line":8,"column":59},"end":{"line":22,"column":1}},"1":{"start":{"line":9,"column":23},"end":{"line":9,"column":92}},"2":{"start":{"line":11,"column":28},"end":{"line":11,"column":57}},"3":{"start":{"line":13,"column":23},"end":{"line":15,"column":14}},"4":{"start":{"line":13,"column":38},"end":{"line":15,"column":3}},"5":{"start":{"line":17,"column":2},"end":{"line":21,"column":4}}},"fnMap":{"0":{"name":"(anonymous_0)","decl":{"start":{"line":8,"column":59},"end":{"line":8,"column":60}},"loc":{"start":{"line":8,"column":75},"end":{"line":22,"column":1}},"line":8},"1":{"name":"(anonymous_1)","decl":{"start":{"line":13,"column":31},"end":{"line":13,"column":32}},"loc":{"start":{"line":13,"column":38},"end":{"line":15,"column":3}},"line":13}},"branchMap":{"0":{"loc":{"start":{"line":9,"column":23},"end":{"line":9,"column":92}},"type":"binary-expr","locations":[{"start":{"line":9,"column":23},"end":{"line":9,"column":77}},{"start":{"line":9,"column":81},"end":{"line":9,"column":92}}],"line":9}},"s":{"0":1,"1":0,"2":0,"3":0,"4":0,"5":0},"f":{"0":0,"1":0},"b":{"0":[0,0]},"_coverageSchema":"1a1c01bbd47fc00a2c39e90264f33305004495a9","hash":"eed06d90c9021b05d69f4bec6b63ca50ecab8978"}
,"/home/anton/WebstormProjects/predicts/src/entities/Counter/index.ts": {"path":"/home/anton/WebstormProjects/predicts/src/entities/Counter/index.ts","statementMap":{},"fnMap":{},"branchMap":{},"s":{},"f":{},"b":{},"_coverageSchema":"1a1c01bbd47fc00a2c39e90264f33305004495a9","hash":"0ad663f89e8a33840274bc15941bf4bc9d7a7202"}
,"/home/anton/WebstormProjects/predicts/src/entities/Counter/model/selectors/getCounter/getCounter.ts": {"path":"/home/anton/WebstormProjects/predicts/src/entities/Counter/model/selectors/getCounter/getCounter.ts","statementMap":{"0":{"start":{"line":4,"column":2},"end":{"line":4,"column":23}}},"fnMap":{"0":{"name":"getCounter","decl":{"start":{"line":3,"column":16},"end":{"line":3,"column":26}},"loc":{"start":{"line":3,"column":47},"end":{"line":5,"column":1}},"line":3}},"branchMap":{},"s":{"0":7},"f":{"0":7},"b":{},"_coverageSchema":"1a1c01bbd47fc00a2c39e90264f33305004495a9","hash":"a1a9108f499aca1944b1d8d680d9a618212ce6b8"}
,"/home/anton/WebstormProjects/predicts/src/entities/Counter/model/selectors/getCounterValue/getCounterValue.ts": {"path":"/home/anton/WebstormProjects/predicts/src/entities/Counter/model/selectors/getCounterValue/getCounterValue.ts","statementMap":{"0":{"start":{"line":4,"column":31},"end":{"line":4,"column":85}},"1":{"start":{"line":4,"column":71},"end":{"line":4,"column":84}}},"fnMap":{"0":{"name":"(anonymous_0)","decl":{"start":{"line":4,"column":58},"end":{"line":4,"column":59}},"loc":{"start":{"line":4,"column":71},"end":{"line":4,"column":84}},"line":4}},"branchMap":{},"s":{"0":4,"1":4},"f":{"0":4},"b":{},"_coverageSchema":"1a1c01bbd47fc00a2c39e90264f33305004495a9","hash":"f93f699cd4ad87754a6729ab06a32acdf0b50efc"}
,"/home/anton/WebstormProjects/predicts/src/entities/Counter/model/slice/counterSlice.ts": {"path":"/home/anton/WebstormProjects/predicts/src/entities/Counter/model/slice/counterSlice.ts","statementMap":{"0":{"start":{"line":5,"column":36},"end":{"line":7,"column":1}},"1":{"start":{"line":9,"column":28},"end":{"line":20,"column":2}},"2":{"start":{"line":14,"column":6},"end":{"line":14,"column":22}},"3":{"start":{"line":17,"column":6},"end":{"line":17,"column":22}},"4":{"start":{"line":22,"column":66},"end":{"line":22,"column":78}}},"fnMap":{"0":{"name":"(anonymous_0)","decl":{"start":{"line":13,"column":15},"end":{"line":13,"column":16}},"loc":{"start":{"line":13,"column":26},"end":{"line":15,"column":5}},"line":13},"1":{"name":"(anonymous_1)","decl":{"start":{"line":16,"column":15},"end":{"line":16,"column":16}},"loc":{"start":{"line":16,"column":26},"end":{"line":18,"column":5}},"line":16}},"branchMap":{},"s":{"0":3,"1":3,"2":3,"3":2,"4":3},"f":{"0":3,"1":2},"b":{},"_coverageSchema":"1a1c01bbd47fc00a2c39e90264f33305004495a9","hash":"af4ce7bf6c7f70608c9405d3f64343df535e4256"}
,"/home/anton/WebstormProjects/predicts/src/entities/Counter/model/types/CounterSchema.ts": {"path":"/home/anton/WebstormProjects/predicts/src/entities/Counter/model/types/CounterSchema.ts","statementMap":{},"fnMap":{},"branchMap":{},"s":{},"f":{},"b":{},"_coverageSchema":"1a1c01bbd47fc00a2c39e90264f33305004495a9","hash":"b461d8774407a3a00981cbe7df1461df395d51c4"}
,"/home/anton/WebstormProjects/predicts/src/entities/Counter/ui/Counter.tsx": {"path":"/home/anton/WebstormProjects/predicts/src/entities/Counter/ui/Counter.tsx","statementMap":{"0":{"start":{"line":12,"column":23},"end":{"line":28,"column":1}},"1":{"start":{"line":13,"column":19},"end":{"line":13,"column":32}},"2":{"start":{"line":14,"column":23},"end":{"line":14,"column":53}},"3":{"start":{"line":15,"column":20},"end":{"line":17,"column":3}},"4":{"start":{"line":16,"column":4},"end":{"line":16,"column":43}},"5":{"start":{"line":18,"column":20},"end":{"line":20,"column":3}},"6":{"start":{"line":19,"column":4},"end":{"line":19,"column":43}},"7":{"start":{"line":21,"column":2},"end":{"line":27,"column":4}}},"fnMap":{"0":{"name":"(anonymous_0)","decl":{"start":{"line":12,"column":23},"end":{"line":12,"column":24}},"loc":{"start":{"line":12,"column":56},"end":{"line":28,"column":1}},"line":12},"1":{"name":"(anonymous_1)","decl":{"start":{"line":15,"column":20},"end":{"line":15,"column":21}},"loc":{"start":{"line":15,"column":26},"end":{"line":17,"column":3}},"line":15},"2":{"name":"(anonymous_2)","decl":{"start":{"line":18,"column":20},"end":{"line":18,"column":21}},"loc":{"start":{"line":18,"column":26},"end":{"line":20,"column":3}},"line":18}},"branchMap":{},"s":{"0":3,"1":5,"2":5,"3":5,"4":1,"5":5,"6":1,"7":5},"f":{"0":5,"1":1,"2":1},"b":{},"_coverageSchema":"1a1c01bbd47fc00a2c39e90264f33305004495a9","hash":"7ddb1d2f94b7256d831de99e3175767294b0c102"}
,"/home/anton/WebstormProjects/predicts/src/shared/config/i18n/i18nForTests.ts": {"path":"/home/anton/WebstormProjects/predicts/src/shared/config/i18n/i18nForTests.ts","statementMap":{"0":{"start":{"line":4,"column":0},"end":{"line":14,"column":5}}},"fnMap":{},"branchMap":{},"s":{"0":2},"f":{},"b":{},"_coverageSchema":"1a1c01bbd47fc00a2c39e90264f33305004495a9","hash":"87429e8e598cfab2c948b4d7c89639889ed164d5"}
,"/home/anton/WebstormProjects/predicts/src/shared/lib/classNames.ts": {"path":"/home/anton/WebstormProjects/predicts/src/shared/lib/classNames.ts","statementMap":{"0":{"start":{"line":4,"column":30},"end":{"line":12,"column":1}},"1":{"start":{"line":5,"column":2},"end":{"line":11,"column":13}},"2":{"start":{"line":8,"column":38},"end":{"line":8,"column":52}},"3":{"start":{"line":9,"column":28},"end":{"line":9,"column":37}},"4":{"start":{"line":14,"column":26},"end":{"line":26,"column":1}},"5":{"start":{"line":15,"column":36},"end":{"line":15,"column":38}},"6":{"start":{"line":16,"column":2},"end":{"line":24,"column":3}},"7":{"start":{"line":17,"column":4},"end":{"line":17,"column":22}},"8":{"start":{"line":17,"column":13},"end":{"line":17,"column":22}},"9":{"start":{"line":18,"column":4},"end":{"line":18,"column":58}},"10":{"start":{"line":18,"column":32},"end":{"line":18,"column":58}},"11":{"start":{"line":19,"column":4},"end":{"line":23,"column":5}},"12":{"start":{"line":20,"column":6},"end":{"line":22,"column":67}},"13":{"start":{"line":21,"column":40},"end":{"line":21,"column":54}},"14":{"start":{"line":22,"column":34},"end":{"line":22,"column":65}},"15":{"start":{"line":25,"column":2},"end":{"line":25,"column":35}}},"fnMap":{"0":{"name":"(anonymous_0)","decl":{"start":{"line":4,"column":30},"end":{"line":4,"column":31}},"loc":{"start":{"line":4,"column":89},"end":{"line":12,"column":1}},"line":4},"1":{"name":"(anonymous_1)","decl":{"start":{"line":8,"column":14},"end":{"line":8,"column":15}},"loc":{"start":{"line":8,"column":38},"end":{"line":8,"column":52}},"line":8},"2":{"name":"(anonymous_2)","decl":{"start":{"line":9,"column":11},"end":{"line":9,"column":12}},"loc":{"start":{"line":9,"column":28},"end":{"line":9,"column":37}},"line":9},"3":{"name":"(anonymous_3)","decl":{"start":{"line":14,"column":26},"end":{"line":14,"column":27}},"loc":{"start":{"line":14,"column":59},"end":{"line":26,"column":1}},"line":14},"4":{"name":"(anonymous_4)","decl":{"start":{"line":21,"column":16},"end":{"line":21,"column":17}},"loc":{"start":{"line":21,"column":40},"end":{"line":21,"column":54}},"line":21},"5":{"name":"(anonymous_5)","decl":{"start":{"line":22,"column":17},"end":{"line":22,"column":18}},"loc":{"start":{"line":22,"column":34},"end":{"line":22,"column":65}},"line":22}},"branchMap":{"0":{"loc":{"start":{"line":17,"column":4},"end":{"line":17,"column":22}},"type":"if","locations":[{"start":{"line":17,"column":4},"end":{"line":17,"column":22}},{"start":{},"end":{}}],"line":17},"1":{"loc":{"start":{"line":18,"column":4},"end":{"line":18,"column":58}},"type":"if","locations":[{"start":{"line":18,"column":4},"end":{"line":18,"column":58}},{"start":{},"end":{}}],"line":18},"2":{"loc":{"start":{"line":19,"column":4},"end":{"line":23,"column":5}},"type":"if","locations":[{"start":{"line":19,"column":4},"end":{"line":23,"column":5}},{"start":{},"end":{}}],"line":19}},"s":{"0":5,"1":0,"2":0,"3":0,"4":5,"5":32,"6":32,"7":83,"8":28,"9":55,"10":52,"11":55,"12":3,"13":3,"14":1,"15":32},"f":{"0":0,"1":0,"2":0,"3":32,"4":3,"5":1},"b":{"0":[28,55],"1":[52,3],"2":[3,52]},"_coverageSchema":"1a1c01bbd47fc00a2c39e90264f33305004495a9","hash":"77211836e4e0bfe6f970a9eda1c76910f7fa1cf6"}
,"/home/anton/WebstormProjects/predicts/src/shared/lib/tests/renderComponent/renderComponent.tsx": {"path":"/home/anton/WebstormProjects/predicts/src/shared/lib/tests/renderComponent/renderComponent.tsx","statementMap":{"0":{"start":{"line":17,"column":6},"end":{"line":17,"column":13}},"1":{"start":{"line":19,"column":2},"end":{"line":27,"column":35}}},"fnMap":{"0":{"name":"renderComponent","decl":{"start":{"line":13,"column":16},"end":{"line":13,"column":31}},"loc":{"start":{"line":13,"column":92},"end":{"line":28,"column":1}},"line":13}},"branchMap":{"0":{"loc":{"start":{"line":13,"column":54},"end":{"line":13,"column":90}},"type":"default-arg","locations":[{"start":{"line":13,"column":88},"end":{"line":13,"column":90}}],"line":13},"1":{"loc":{"start":{"line":15,"column":4},"end":{"line":15,"column":15}},"type":"default-arg","locations":[{"start":{"line":15,"column":12},"end":{"line":15,"column":15}}],"line":15}},"s":{"0":5,"1":5},"f":{"0":5},"b":{"0":[2],"1":[5]},"_coverageSchema":"1a1c01bbd47fc00a2c39e90264f33305004495a9","hash":"c85172093c5d3a75d02b0b003daf67d6b65b0dfc"}
,"/home/anton/WebstormProjects/predicts/src/shared/ui/Button/Button.tsx": {"path":"/home/anton/WebstormProjects/predicts/src/shared/ui/Button/Button.tsx","statementMap":{"0":{"start":{"line":17,"column":40},"end":{"line":32,"column":1}},"1":{"start":{"line":23,"column":6},"end":{"line":23,"column":11}},"2":{"start":{"line":24,"column":2},"end":{"line":31,"column":4}}},"fnMap":{"0":{"name":"(anonymous_0)","decl":{"start":{"line":17,"column":40},"end":{"line":17,"column":41}},"loc":{"start":{"line":17,"column":51},"end":{"line":32,"column":1}},"line":17}},"branchMap":{"0":{"loc":{"start":{"line":21,"column":4},"end":{"line":21,"column":38}},"type":"default-arg","locations":[{"start":{"line":21,"column":12},"end":{"line":21,"column":38}}],"line":21}},"s":{"0":4,"1":17,"2":17},"f":{"0":17},"b":{"0":[14]},"_coverageSchema":"1a1c01bbd47fc00a2c39e90264f33305004495a9","hash":"1e2be1a555d6313364ab532ba8e2d7c0e4626b22"}
,"/home/anton/WebstormProjects/predicts/src/widgets/LangSwitcher/index.ts": {"path":"/home/anton/WebstormProjects/predicts/src/widgets/LangSwitcher/index.ts","statementMap":{},"fnMap":{},"branchMap":{},"s":{},"f":{},"b":{},"_coverageSchema":"1a1c01bbd47fc00a2c39e90264f33305004495a9","hash":"5c5452f778782076a722e40f664971e5ba8e1b82"}
,"/home/anton/WebstormProjects/predicts/src/widgets/LangSwitcher/ui/LangSwitcher.tsx": {"path":"/home/anton/WebstormProjects/predicts/src/widgets/LangSwitcher/ui/LangSwitcher.tsx","statementMap":{"0":{"start":{"line":10,"column":28},"end":{"line":21,"column":1}},"1":{"start":{"line":11,"column":21},"end":{"line":11,"column":37}},"2":{"start":{"line":12,"column":27},"end":{"line":14,"column":3}},"3":{"start":{"line":13,"column":4},"end":{"line":13,"column":62}},"4":{"start":{"line":15,"column":2},"end":{"line":20,"column":4}}},"fnMap":{"0":{"name":"(anonymous_0)","decl":{"start":{"line":10,"column":28},"end":{"line":10,"column":29}},"loc":{"start":{"line":10,"column":66},"end":{"line":21,"column":1}},"line":10},"1":{"name":"(anonymous_1)","decl":{"start":{"line":12,"column":27},"end":{"line":12,"column":28}},"loc":{"start":{"line":12,"column":33},"end":{"line":14,"column":3}},"line":12}},"branchMap":{"0":{"loc":{"start":{"line":13,"column":24},"end":{"line":13,"column":60}},"type":"cond-expr","locations":[{"start":{"line":13,"column":49},"end":{"line":13,"column":53}},{"start":{"line":13,"column":56},"end":{"line":13,"column":60}}],"line":13}},"s":{"0":1,"1":3,"2":3,"3":0,"4":3},"f":{"0":3,"1":0},"b":{"0":[0,0]},"_coverageSchema":"1a1c01bbd47fc00a2c39e90264f33305004495a9","hash":"ee8bb4e466680acca62b9c677d66c552fa359654"}
,"/home/anton/WebstormProjects/predicts/src/widgets/Sidebar/ui/Sidebar/Sidebar.tsx": {"path":"/home/anton/WebstormProjects/predicts/src/widgets/Sidebar/ui/Sidebar/Sidebar.tsx","statementMap":{"0":{"start":{"line":12,"column":23},"end":{"line":26,"column":1}},"1":{"start":{"line":13,"column":36},"end":{"line":13,"column":51}},"2":{"start":{"line":14,"column":14},"end":{"line":14,"column":30}},"3":{"start":{"line":15,"column":19},"end":{"line":15,"column":54}},"4":{"start":{"line":15,"column":26},"end":{"line":15,"column":53}},"5":{"start":{"line":15,"column":47},"end":{"line":15,"column":52}},"6":{"start":{"line":16,"column":2},"end":{"line":25,"column":4}}},"fnMap":{"0":{"name":"(anonymous_0)","decl":{"start":{"line":12,"column":23},"end":{"line":12,"column":24}},"loc":{"start":{"line":12,"column":56},"end":{"line":26,"column":1}},"line":12},"1":{"name":"(anonymous_1)","decl":{"start":{"line":15,"column":19},"end":{"line":15,"column":20}},"loc":{"start":{"line":15,"column":25},"end":{"line":15,"column":54}},"line":15},"2":{"name":"(anonymous_2)","decl":{"start":{"line":15,"column":39},"end":{"line":15,"column":40}},"loc":{"start":{"line":15,"column":47},"end":{"line":15,"column":52}},"line":15}},"branchMap":{},"s":{"0":1,"1":3,"2":3,"3":3,"4":1,"5":1,"6":3},"f":{"0":3,"1":1,"2":1},"b":{},"_coverageSchema":"1a1c01bbd47fc00a2c39e90264f33305004495a9","hash":"444b31b3618240feab1b2635ce38fd850bcf36c7"}
,"/home/anton/WebstormProjects/predicts/src/widgets/ThemeSwitcher/index.ts": {"path":"/home/anton/WebstormProjects/predicts/src/widgets/ThemeSwitcher/index.ts","statementMap":{},"fnMap":{},"branchMap":{},"s":{},"f":{},"b":{},"_coverageSchema":"1a1c01bbd47fc00a2c39e90264f33305004495a9","hash":"95ac29884380af50b4ee61508bc53818b1cd24be"}
,"/home/anton/WebstormProjects/predicts/src/widgets/ThemeSwitcher/ui/ThemeSwitcher.tsx": {"path":"/home/anton/WebstormProjects/predicts/src/widgets/ThemeSwitcher/ui/ThemeSwitcher.tsx","statementMap":{"0":{"start":{"line":11,"column":29},"end":{"line":22,"column":1}},"1":{"start":{"line":12,"column":25},"end":{"line":12,"column":35}},"2":{"start":{"line":13,"column":2},"end":{"line":21,"column":4}}},"fnMap":{"0":{"name":"(anonymous_0)","decl":{"start":{"line":11,"column":29},"end":{"line":11,"column":30}},"loc":{"start":{"line":11,"column":67},"end":{"line":22,"column":1}},"line":11}},"branchMap":{},"s":{"0":1,"1":3,"2":3},"f":{"0":3},"b":{},"_coverageSchema":"1a1c01bbd47fc00a2c39e90264f33305004495a9","hash":"06abedc4621f5d6f5ca0a75e6e97e2f36bff975c"}
}
